<?xml version="1.0" encoding="UTF-8"?>
<!-- Generated by org.testng.reporters.JUnitReportReporter -->
<testsuite skipped="0" hostname="DESKTOP-VEKUJ09" name="com.crm.qa.testcases.LoginPageTest" tests="2" failures="0" timestamp="27 May 2019 15:42:16 GMT" time="15.631" errors="0">
  <testcase name="LoginPageTitleTest" time="6.285" classname="com.crm.qa.testcases.LoginPageTest"/>
  <testcase name="crmLogoImageTest" time="9.346" classname="com.crm.qa.testcases.LoginPageTest"/>
</testsuite> <!-- com.crm.qa.testcases.LoginPageTest -->
