<?xml version="1.0" encoding="UTF-8"?>
<!-- Generated by org.testng.reporters.JUnitReportReporter -->
<testsuite skipped="0" hostname="DESKTOP-VEKUJ09" name="com.crm.qa.testcases.LoginPageTest" tests="2" failures="0" timestamp="05 Aug 2019 16:47:03 GMT" time="12.655" errors="0">
  <testcase name="LoginPageTitleTest" time="5.972" classname="com.crm.qa.testcases.LoginPageTest"/>
  <testcase name="crmLogoImageTest" time="6.683" classname="com.crm.qa.testcases.LoginPageTest"/>
</testsuite> <!-- com.crm.qa.testcases.LoginPageTest -->
